2018-08-10 17:45:36  x     _filelist.lst                            ::           .  0  0000000000 
2011-06-23 10:05:52  x     delBak.bat                               ::           . 37  1661871524 
2018-08-08 21:47:23  x     index.html                               ::          5.990 -0610756032 

============================== genRefl/ ===========================================================

============================== genRefl/Fwc/ ========================================================
2018-03-04 17:36:14  x     fw_Event.crefl                           ::          6.664 -0280848656 
2018-03-04 17:36:14  x     fw_ExcStacktrcNo.crefl                   ::          2.155 -0156804865 
2018-03-04 17:36:14  x     fw_Exception.crefl                       ::          5.252  1692277392 
2018-03-04 17:36:14  x     fw_ExceptionDefs.crefl                   ::           .155  1784952132 
2018-03-04 17:36:14  x     fw_Formatter.crefl                       ::           .151 -0002079014 
2018-03-04 17:36:15  x     fw_LogMessage.crefl                      ::          1.068 -2079244763 
2018-03-04 17:36:15  x     fw_MemC.crefl                            ::           .146 -0395770575 
2018-03-04 17:36:15  x     fw_Readline.crefl                        ::          3.048 -1014156855 
2018-03-04 17:36:15  x     fw_SimpleC.crefl                         ::          3.769  1199089830 
2018-03-04 17:36:15  x     fw_Simulink.crefl                        ::           .150  0125734282 
2018-03-04 17:36:15  x     fw_StateMachine.crefl                    ::           .154 -1221426093 
2018-03-04 17:36:15  x     fw_String.crefl                          ::          2.578 -1151481106 
2018-03-04 17:36:15  x     fw_ThreadContext.crefl                   ::         11.786 -1222860421 
2018-03-04 17:36:15  x     fw_Time.crefl                            ::          2.052  1369291842 
2018-03-04 17:36:15  x     fw_VaArgBuffer.crefl                     ::          3.073  0543020580 
2018-03-04 17:36:15  x     fw_Va_list.crefl                         ::          1.692 -0649075445 
2018-03-04 17:36:14  x     fw_basic.crefl                           ::           .147  1833621226 
2018-03-04 17:36:14  x     fw_handle_ptr64.crefl                    ::          5.296  1719427013 
2018-03-04 17:36:15  x     fw_timeconversions.crefl                 ::          3.588  1413513842 
2018-03-04 17:36:16  x     objectBaseC.crefl                        ::         27.788  0229659789 

============================== genRefl/Inspc/ ======================================================
2018-07-11 14:15:14  x     DataNode_Inspc.crefl                     ::          1.374 -1472619285 
2018-03-04 17:33:00  x     FBaccess_Inspc.crefl                     ::           .155 -1463602750 
2018-07-11 14:15:16  x     FBaccess_Inspc_priv.crefl                ::          4.779 -2046148757 
2018-07-11 14:15:16  x     GetValue_Inspc.crefl                     ::          2.186  0884737016 
2018-07-11 14:15:16  x     InputValues_Inspc.crefl                  ::          5.326  1202261787 
2018-07-11 14:15:16  x     InspcTargetProxyTelg.crefl               ::          6.185 -1296911572 
2018-07-11 14:15:16  x     InspcTargetTelg.crefl                    ::          3.864 -0881481264 
2018-07-11 14:15:16  x     Service_Inspc.crefl                      ::          2.299  1897842235 
2018-07-11 14:15:16  x     TimeSignals_Inspc.crefl                  ::         16.871  2031923348 
2018-07-11 14:15:16  x     Wait_Inspc.crefl                         ::          2.433 -0775829809 

============================== genRefl/Ipc/ ========================================================
2018-03-04 17:36:19  x     InterProcessComm.crefl                   ::          6.740  0009988030 
2018-03-04 17:36:19  x     InterProcessCommSocket.crefl             ::           .161 -1945907906 

============================== genRefl/Jc/ =========================================================
2018-03-04 17:36:16  x     AbstractListJc.crefl                     ::          3.441 -0118031181 
2018-03-04 17:36:16  x     ArraysJc.crefl                           ::           .146 -1856643181 
2018-03-04 17:36:16  x     AssertJc.crefl                           ::           .146 -1352842813 
2018-03-04 17:36:16  x     CharsetJc.crefl                          ::          1.317  0132772769 
2018-03-04 17:36:16  x     ComparatorJc.crefl                       ::          1.362 -1507148717 
2018-03-04 17:36:16  x     ConcurrentLinkedQueueJc.crefl            ::          6.037 -0684436894 
2018-03-04 17:36:16  x     ConcurrentRingBufferJc.crefl             ::          9.725 -0916910924 
2018-03-04 17:36:16  x     DateJc.crefl                             ::          7.267 -2023686674 
2018-03-04 17:36:17  x     FileIoJc.crefl                           ::         13.264  0052337499 
2018-03-04 17:36:17  x     FileSystemJc.crefl                       ::           .150 -0699492450 
2018-03-04 17:36:17  x     FormatterJc.crefl                        ::          1.860 -1851318141 
2018-03-04 17:36:17  x     LinkedListJc.crefl                       ::          7.250 -0065941907 
2018-03-04 17:36:17  x     ListIteratorJc.crefl                     ::           .152  0976582739 
2018-03-04 17:36:17  x     ListJc.crefl                             ::          2.472  1491956973 
2018-03-04 17:36:17  x     ListMapEntryJc.crefl                     ::          3.897  0802000433 
2018-03-04 17:36:17  x     LocaleJc.crefl                           ::          2.099  1692996630 
2018-03-04 17:36:17  x     MathJc.crefl                             ::           .144 -1201560135 
2018-03-04 17:36:17  x     ObjectJc.crefl                           ::          3.738 -1916772097 
2018-03-04 17:36:17  x     ObjectRefJc.crefl                        ::          1.822  1167301325 
2018-03-04 17:36:18  x     OsWrapperJc.crefl                        ::          4.907  1419654759 
2018-03-04 17:36:18  x     PrintStreamJc.crefl                      ::          1.845 -0767392771 
2018-03-04 17:36:18  x     ReflMemAccessJc.crefl                    ::         14.027 -2078480925 
2018-03-04 17:36:18  x     ReflectionJc.crefl                       ::         20.072 -0687408509 
2018-03-04 17:36:18  x     StringBufferJc.crefl                     ::           .152  1814627920 
2018-03-04 17:36:19  x     StringJc.crefl                           ::          5.562 -0690318934 
2018-03-04 17:36:19  x     StringJc_intern.crefl                    ::           .153  0343836153 
2018-03-04 17:36:19  x     SystemJc.crefl                           ::          1.310 -1408909556 
2018-03-04 17:36:19  x     ThreadJc.crefl                           ::          8.485  0306518721 
2018-03-04 17:36:19  x     TimeZoneJc.crefl                         ::          2.601  1138259711 

============================== incApplSpecific/ ===================================================
2017-07-09 20:33:12  x     readme.txt                               ::           .402  1809363911 

============================== incApplSpecific/ExcHandling_Printf/ =================================
2018-08-09 10:13:58  x     BlockHeap_PlatformSpec.h                 ::          5.305  1505615618 
2018-08-09 11:12:18  x     applstdef_emC.h                          ::          4.262  0408284106 
2018-08-09 11:12:18  x     fw_Platform_conventions.h                ::          8.643 -0450209537 
2018-08-09 11:12:18  x     fw_assert.h                              ::          1.060 -0433588475 
2017-04-07 23:34:18  x     readme.txt                               ::           .472 -1313518612 

============================== incApplSpecific/FwConvBlockheap/ ====================================
2018-08-09 10:13:58  x     BlockHeap_PlatformSpec.h                 ::          5.305  1505615618 
2018-08-09 11:12:18  x     applstdef_emC.h                          ::          4.257 -0137307737 
2018-08-09 11:12:18  x     fw_Platform_conventions.h                ::          8.716 -0381616730 
2018-08-05 10:47:21  x     os_types_def.h                           ::           .118 -1344087178 
2017-12-10 18:13:42  x     rtw_continuous.h                         ::           .  0  0000000000 
2017-12-10 18:16:30  x     rtw_solver.h                             ::           .  0  0000000000 

============================== incApplSpecific/FwConvC32/ ==========================================
2018-08-09 10:13:59  x     BlockHeap_PlatformSpec.h                 ::          5.305  1505615618 
2018-08-10 09:12:57  x     applstdef_emC.h                          ::          4.261 -0121070046 
2018-08-09 11:12:18  x     fw_Platform_conventions.h                ::          8.716 -0381616730 
2018-08-05 10:47:21  x     os_types_def.h                           ::           .118 -1344087178 
2017-12-10 18:13:42  x     rtw_continuous.h                         ::           .  0  0000000000 
2017-12-10 18:16:30  x     rtw_solver.h                             ::           .  0  0000000000 

============================== incApplSpecific/FwConvC32_NoExc/ ====================================
2018-08-09 10:13:59  x     applstdef_emC.h                          ::          3.603 -0210776049 

============================== incApplSpecific/FwConvCpp32/ ========================================
2018-08-09 10:13:59  x     BlockHeap_PlatformSpec.h                 ::          5.305  1505615618 
2018-08-09 11:12:18  x     applstdef_emC.h                          ::          2.646  1454295220 
2018-08-09 09:24:04  x     fw_Platform_conventions.h                ::          7.484  1206090134 
2018-08-09 11:12:18  x     fw_assert.h                              ::          1.102 -1596686867 

============================== incApplSpecific/FwConvSimpleAlloc/ ==================================
2018-08-09 10:13:59  x     BlockHeap_PlatformSpec.h                 ::          5.305  1505615618 
2018-08-09 09:24:04  x     ObjectRefJc_PlatformSpec.h               ::          2.788 -0943201707 
2018-08-09 11:12:18  x     applstdef_emC.h                          ::          4.253  1357990744 

============================== incApplSpecific/FwConv_Blockheap/ ===================================
2018-08-09 10:13:58  x     BlockHeap_PlatformSpec.h                 ::          5.305  1505615618 
2018-08-09 11:12:18  x     applstdef_emC.h                          ::          4.441 -0010076796 
2018-08-09 11:12:18  x     fw_assert.h                              ::          1.102 -1596686867 
2018-08-05 10:47:21  x     os_types_def.h                           ::           .118 -1344087178 

============================== incApplSpecific/TagetNumericSimple/ =================================
2018-08-10 12:25:34  x     applstdef_emC.h                          ::          4.711  0915494994 
2017-04-08 00:30:38  x     readme.txt                               ::           .322 -0175520527 
2017-12-10 18:13:42  x     rtw_continuous.h                         ::           .  0  0000000000 
2017-12-10 18:16:30  x     rtw_solver.h                             ::           .  0  0000000000 

============================== incApplSpecific/ThreadContextNo/ ====================================
2018-08-09 18:47:11  x     ThreadContextNo.h                        ::           .882  1772831574 

============================== incApplSpecific/applConv/ ===========================================
2018-08-09 09:24:04  x     EnhanceRef_Blockheap.h                   ::          6.422  0079802088 
2017-10-16 21:56:16  x     EnhanceRef_simple.h                      ::          1.681 -1026307728 
2018-01-01 13:21:34  x     assert_ignore.h                          ::           .806 -1374443801 
2018-01-02 21:56:44  x     assert_simpleStop.h                      ::          1.404  0074142264 

============================== incApplSpecific/stdef_SmlkAccelerator/ ==============================
2018-08-09 11:12:18  x     applstdef_emC.h                          ::          3.644  0758323073 

============================== incApplSpecific/stdef_SmlkSfunc/ ====================================
2018-08-09 11:12:18  x     applstdef_emC.h                          ::          3.843 -1761752363 
2013-12-18 09:37:54  x     platform_msgDisp.h                       ::           .407 -1434852521 

============================== incApplSpecific/stdef_SmlkSfuncExcH/ ================================
2018-08-09 11:12:18  x     applstdef_emC.h                          ::          3.737 -0327522447 

============================== incComplSpecific/ ==================================================
2017-07-09 20:29:47  x     readme.txt                               ::           .189 -0767025066 

============================== incComplSpecific/cc_Gcc/ ============================================
2008-02-13 15:07:56  x     alignbyt.h                               ::           .371  1250077826 
2008-02-13 15:07:56  x     alignopt.h                               ::           .367 -0499917233 
2018-08-09 11:12:18  x     compl_adaption.h                         ::         10.365 -1822322120 

============================== incComplSpecific/cc_Msc15_32bit/ ====================================
2018-08-09 11:12:18  x     compl_adaption.h                         ::         13.895  1392289216 

============================== incComplSpecific/cc_Msc15_smlk32bit/ ================================
2018-08-09 11:12:18  x     compl_adaption.h                         ::         15.654  1309616024 

============================== incComplSpecific/cc_Msc6/ ===========================================
2018-08-09 11:12:18  x     compl_adaption.h                         ::         15.984 -0631230003 
2018-08-05 10:47:22  x     os_types_def.h                           ::           . 27 -1320603184 

============================== incComplSpecific/cc_Msc6_smlk/ ======================================
2018-08-09 11:12:18  x     compl_adaption.h                         ::         16.335 -1790923757 
2018-07-29 11:53:36  x     readme.txt                               ::           .609  0715947252 

============================== incComplSpecific/cc_SmlkSfunc/ ======================================
2018-08-09 11:12:18  x     compl_adaption.h                         ::         14.840 -0493604343 
2018-08-09 09:24:04  x     fw_Platform_conventions.h                ::          8.549  0953342098 
2018-08-05 10:47:22  x     os_types_def.h                           ::           . 27 -1320603184 
2017-04-11 12:11:45  x     rtGetInf.c                               ::          2.283  1360950022 
2017-04-11 12:11:45  x     rtGetInf.h                               ::           .939 -0913431205 
2017-04-11 12:11:45  x     rtGetNaN.c                               ::          1.503  1575481268 
2017-04-11 12:11:45  x     rtGetNaN.h                               ::           .864  0329683283 
2017-02-22 20:00:32  x     rt_defines.h                             ::          1.610 -1344598410 
2017-04-11 12:11:45  x     rt_nonfinite.c                           ::          1.842 -0628672785 
2017-04-11 12:11:45  x     rt_nonfinite.h                           ::          1.486 -0336952171 
2017-02-24 20:54:10  x     rtwtypes.h                               ::          4.521  0121822218 
2015-12-28 12:03:48  x     tmwtypes.h                               ::         21.583  0512906331 

============================== incComplSpecific/cc_smlkMsc6/ =======================================
2018-08-09 11:12:18  x     compl_adaption.h                         ::         16.339 -0521192371 
2018-08-05 10:47:22  x     os_types_def.h                           ::           . 27 -1320603184 

============================== incComplSpecific/smlk_32bit/ ========================================
2018-07-29 09:23:41  x     readme.txt                               ::           .207  0147137560 
2018-07-29 09:27:19  x     rtGetInf.c                               ::          2.277 -1212244410 
2018-07-29 09:27:40  x     rtGetInf.h                               ::           .934  2013540876 
2018-07-29 09:29:05  x     rtGetNaN.c                               ::          1.497 -1339160435 
2018-07-29 09:29:23  x     rtGetNaN.h                               ::           .858 -1332211587 
2018-07-29 09:25:06  x     rt_defines.h                             ::          1.597  1328916370 
2018-07-29 09:25:40  x     rt_nonfinite.c                           ::          1.836 -1872863616 
2018-07-29 09:26:26  x     rt_nonfinite.h                           ::          1.480  0084480261 
2018-07-29 09:30:35  x     rtwtypes.h                               ::          4.508 -1470378434 
2017-03-10 11:28:06  x     sysreg.h                                 ::           . 95  0466745133 
2015-12-28 12:03:48  x     tmwtypes.h                               ::         21.583  0512906331 

============================== incComplSpecific/stdincl_dummy/ =====================================
2017-09-02 08:27:42  x     Winbase.h                                ::           .  0  0000000000 
2017-08-30 14:37:09  x     io.h                                     ::           .  0  0000000000 
2017-08-30 14:35:48  x     readme.txt                               ::           .164 -0760344694 
2017-08-30 14:37:23  x     setjmp.h                                 ::           .  0  0000000000 
2017-08-30 14:36:20  x     stdarg.h                                 ::           .  0  0000000000 
2017-08-30 14:36:28  x     stdio.h                                  ::           .  0  0000000000 
2017-08-30 14:36:38  x     stdlib.h                                 ::           .  0  0000000000 
2017-08-30 14:36:52  x     string.h                                 ::           .  0  0000000000 
2017-09-02 08:28:12  x     windows.h                                ::           .  0  0000000000 
2017-09-02 08:27:14  x     wtypes.h                                 ::           .  0  0000000000 

============================== incComplSpecific/stdincl_dummy/sys/ =================================
2017-09-02 08:29:05  x     stat.h                                   ::           .  0  0000000000 

============================== make/ ==============================================================
2012-12-25 20:32:08  x     CRuntimeJavalike.deps.txt                ::        425.984  1784300945 
2016-10-09 22:09:56  x     Inspc.java2c.bat                         ::           .518 -1007095929 
2016-10-09 22:13:19  x     Inspc.java2c.cfg                         ::          2.823 -1024869760 
2012-04-13 18:28:10  x     Inspc.java2c.sh                          ::          1.209 -0516968558 
2016-06-18 20:42:35  x     J1c.java2c.bat                           ::           .331  0614336241 
2016-10-11 22:50:45  x     J1c.java2c.cfg                           ::          3.784 -0550002110 
2012-04-13 18:26:36  x     J1c.java2c.sh                            ::          1.627  2001162544 
2017-01-22 09:18:21  x     ReflectionJc.ctr                         ::          1.654 -0640801427 
2017-08-31 00:16:37  x     cfgCheckDeps.cfg                         ::           .174 -1173361395 
2009-06-18 09:06:59  x     delGenerates.bat                         ::           .242 -0494606615 
2014-01-11 22:43:36  x     del_J1c.bat                              ::           .177 -1923475317 
2018-03-04 17:35:09  x     genRefl_FwcJc.jz.cmd                     ::           .724 -1117811732 
2017-10-09 17:02:37  x     genRefl_Inspc.jz.cmd                     ::           .295 -1187136073 
2017-09-29 11:53:06  x     genXmi13.jz.bat                          ::           .731 -1155891404 
2011-05-04 18:09:58  x     genreflection_BlockHeap.bat              ::           .551 -0514638612 
2017-01-22 11:08:33  x     genreflection_Fwc.bat                    ::          1.314  0009157657 
2015-06-17 13:47:49  x     genreflection_Inspc.bat                  ::          1.091 -1340924672 
2015-06-11 12:30:10  x     genreflection_Ipc.bat                    ::          1.072 -1438601505 
2016-07-24 22:27:19  x     genreflection_Jc.bat                     ::          2.199  0086701940 
2016-05-23 23:38:30  x     genreflection_OSAL.bat                   ::          1.361 -0870587203 
2012-02-22 12:01:26  x     genreflection_OSAL.sh                    ::          1.095  0078995232 
2017-04-13 22:08:53  x     genreflection_fw_Exception.bat           ::           .970 -1023318814 
2018-08-05 10:47:22  x     zmake_CRJ_FwConvC32.msc6.lib.bat         ::          3.561  1297354413 
2017-04-03 22:50:58  x     zmake_lib32pp_Msc6.bat                   ::          3.352 -1755043846 

============================== make/JZtxtcmd/ ======================================================
2017-11-18 22:34:44  x     Msc.zmake.jztc                           ::          4.271 -0698831289 
2017-05-08 22:30:01  x     Msc6.zmake.jztc                          ::          3.811 -0923165028 

============================== source/ ============================================================

============================== source/BlockHeap/ ===================================================
2018-08-09 10:13:57  x     BlockHeapJc_Alloc.c                      ::         30.589 -1196413917 
2018-08-09 10:13:57  x     BlockHeapJc_GarbageCol.c                 ::         18.191  1100597583 
2018-08-09 10:13:57  x     BlockHeapJc_References.c                 ::         15.857  0101111236 
2018-08-09 09:24:04  x     BlockHeapJc_admin.h                      ::          6.253  1959337784 
2018-08-09 09:24:04  x     BlockHeapJc_internal.h                   ::         12.817 -1684185024 
2018-08-09 10:13:57  x     BlockHeapNoButDynCall.c                  ::          3.546  0852235998 
2018-08-09 09:24:04  x     BlockHeap_emC.h                          ::          8.378 -1825112384 
2018-08-09 09:24:04  x     Reflection_BlockHeap.c                   ::         20.349 -1860876509 
2018-08-09 09:24:04  x     Reflection_BlockHeap.h                   ::           .866 -0840156238 

============================== source/FwConv_h/ ====================================================
2018-08-09 09:24:04  x     EnhanceRef_Blockheap.h                   ::          6.422  0079802088 
2017-10-16 21:56:16  x     EnhanceRef_simple.h                      ::          1.681 -1026307728 
2018-08-07 18:59:45  x     ObjectJc_simple.h                        ::          5.419  1411431477 
2017-10-05 22:49:09  x     definePrintFileMakros.h                  ::          2.039 -1746456760 
2017-03-19 19:58:36  x     definePrintfMakros.h                     ::           .264 -0950157231 
2017-10-12 08:20:18  x     definePrintfMakrosEmpty.h                ::           .430 -1994333079 
2018-08-05 10:47:22  x     readme.txt                               ::           .322  0964359429 

============================== source/Inspc/ =======================================================
2018-08-09 11:12:18  x     DataNode_Inspc.h                         ::          4.426  2042498552 
2017-07-27 11:58:49  x     FBaccessNode_Inspc.c                     ::           .977  2071516878 
2017-11-22 19:44:43  x     FBaccessNode_RegisterRefl_Inspc.c        ::          4.010  0613165833 
2017-09-10 19:46:04  x     FBaccess_Inspc.c                         ::          3.161 -1768255733 
2018-08-05 10:47:22  x     FBaccess_Inspc.h                         ::          3.372  1121785726 
2017-07-12 10:15:45  x     FBaccess_Inspc_priv.h                    ::           .622 -0266209837 
2018-08-09 10:13:57  x     GetValue_Inspc.c                         ::          2.384  0893557282 
2018-08-05 10:47:22  x     GetValue_Inspc.h                         ::          1.049  1696480978 
2017-11-08 19:47:40  x     InputValues_Inspc.c                      ::         11.642  2098687580 
2018-08-09 10:13:57  x     InputValues_Inspc.h                      ::          2.811  0746570967 
2018-08-09 11:12:02  x     InspcTargetProxyComm_SharedMem.c         ::          4.078 -0488059885 
2018-08-05 10:47:22  x     InspcTargetProxyTarget.c                 ::          7.388 -1579722629 
2016-10-29 10:36:51  x     InspcTargetProxyTelg.c                   ::           .  0  0000000000 
2018-08-05 10:47:22  x     InspcTargetProxyTelg.h                   ::          8.557  1965508215 
2016-10-30 19:38:27  x     InspcTargetTelg.h                        ::          1.383 -1819793140 
2018-08-09 11:12:18  x     Service_Inspc.c                          ::          1.526  0755060908 
2018-08-09 11:12:18  x     Service_Inspc.h                          ::          1.410  0129785953 
2018-07-11 14:19:14  x     TimeSignals_Inspc.c                      ::         20.493  0879905883 
2018-08-09 10:13:58  x     TimeSignals_Inspc.h                      ::          6.863  1639382054 
2017-09-11 07:37:36  x     Wait_Inspc.c                             ::          1.938 -0335422353 
2018-08-09 10:13:58  x     Wait_Inspc.h                             ::          1.353  0805451375 

============================== source/InspcJ2c/ ====================================================
2018-08-09 10:13:58  x     AnswerComm_ifc_Inspc.c                   ::          1.750 -2083316850 
2018-08-09 10:13:58  x     AnswerComm_ifc_Inspc.h                   ::          3.183 -1685866153 
2018-08-09 10:13:58  x     ClassContent_Inspc.c                     ::         78.549  0330061077 
2018-08-09 10:13:58  x     ClassContent_Inspc.h                     ::         16.750  1527467736 
2018-08-09 10:13:58  x     CmdConsumer_ifc_Inspc.c                  ::          2.423 -1002735980 
2018-08-09 10:13:58  x     CmdConsumer_ifc_Inspc.h                  ::          5.293 -1730462620 
2018-08-09 10:13:58  x     CmdExecuter_Inspc.c                      ::         21.413 -1231368459 
2018-08-09 10:13:58  x     CmdExecuter_Inspc.h                      ::          7.283 -1869574382 
2018-08-09 10:13:58  x     Comm_Inspc.c                             ::         18.898 -0448651170 
2018-08-09 10:13:58  x     Comm_Inspc.h                             ::          6.377  0212189001 
2011-02-06 09:11:12  x     ExampleInspector_Inspc.cxxx              ::         20.943 -1684318505 
2018-08-09 10:13:58  x     ExampleInspector_Inspc.h                 ::          8.554 -1571796805 
2018-08-09 10:13:58  x     InspcDataExchangeAccess_Inspc.c          ::         41.847  1137379564 
2018-08-09 10:13:58  x     InspcDataExchangeAccess_Inspc.h          ::         41.031  1736920196 
2018-08-09 10:13:58  x     InspcDataInfo_Inspc.c                    ::          6.828  1705241964 
2018-08-09 10:13:58  x     InspcDataInfo_Inspc.h                    ::          3.989  0515321859 
2018-08-09 10:13:58  x     Inspector_Inspc.c                        ::          9.174 -0265138576 
2018-08-09 10:13:58  x     Inspector_Inspc.h                        ::          6.352  1439087322 
2018-08-09 10:13:58  x     SearchElement_Inspc.c                    ::         14.875 -0283749655 
2018-08-09 10:13:58  x     SearchElement_Inspc.h                    ::          6.417 -1319067143 
2018-08-09 10:13:58  x     WorkingThread_Inspc.c                    ::         24.778  1686986555 
2018-08-09 10:13:58  x     WorkingThread_Inspc.h                    ::         14.437  1810872068 

============================== source/InspcJ2c.ref/ ================================================
2018-08-09 10:13:58  x     AnswerComm_ifc_Inspc.c                   ::          1.750 -2083316850 
2018-08-09 10:13:58  x     AnswerComm_ifc_Inspc.h                   ::          3.186  0293955567 
2018-08-09 10:13:58  x     ClassContent_Inspc.c                     ::         76.309 -0288062948 
2018-08-09 10:13:58  x     ClassContent_Inspc.h                     ::         16.753  0229343601 
2018-08-09 10:13:58  x     CmdConsumer_ifc_Inspc.c                  ::          2.423 -1002735980 
2018-08-09 10:13:58  x     CmdConsumer_ifc_Inspc.h                  ::          5.296 -0011219399 
2018-08-09 10:13:58  x     CmdExecuter_Inspc.c                      ::         21.413 -1231368459 
2018-08-09 10:13:58  x     CmdExecuter_Inspc.h                      ::          7.286 -1709888575 
2018-08-09 10:13:58  x     Comm_Inspc.c                             ::         18.118 -1264392575 
2018-08-09 10:13:58  x     Comm_Inspc.h                             ::          6.313 -0587794850 
2018-08-09 10:13:58  x     InspcDataExchangeAccess_Inspc.c          ::         41.847  1137379564 
2018-08-09 10:13:58  x     InspcDataExchangeAccess_Inspc.h          ::         41.049 -0694413816 
2018-08-09 10:13:58  x     InspcDataInfo_Inspc.c                    ::          6.828  1705241964 
2018-08-09 10:13:58  x     InspcDataInfo_Inspc.h                    ::          3.992  0728054505 
2018-08-09 10:13:58  x     Inspector_Inspc.c                        ::          8.822 -1994575924 
2018-08-09 10:13:58  x     Inspector_Inspc.h                        ::          6.302  0275467891 
2018-08-09 10:13:58  x     SearchElement_Inspc.c                    ::         14.808  0506137820 
2018-08-09 10:13:58  x     SearchElement_Inspc.h                    ::          6.423  2132924635 
2018-08-09 10:13:58  x     WorkingThread_Inspc.c                    ::         24.778  1686986555 
2018-08-09 10:13:58  x     WorkingThread_Inspc.h                    ::         14.452  0772250306 

============================== source/Ipc/ =========================================================
2018-03-04 17:40:05  x     InterProcessComm.c                       ::          5.677  1579477768 
2018-08-09 10:13:58  x     InterProcessComm.h                       ::         29.711  2015201030 
2018-08-09 10:13:58  x     InterProcessCommSharedMem.c              ::         20.330 -0850173398 
2018-08-09 10:13:58  x     InterProcessCommSocket.c                 ::         39.980 -1063701463 
2018-08-09 10:13:58  x     InterProcessCommSocket.h                 ::          3.965  0093857330 

============================== source/Ipc2c/ =======================================================
2018-08-09 10:13:58  x     InterProcessCommFactorySocket_Ipc.c      ::         15.018  0676675940 
2018-08-09 10:13:58  x     InterProcessCommFactorySocket_Ipc.h      ::          8.682  0789564346 
2018-08-09 10:13:58  x     InterProcessCommRxExec_Ipc.c             ::          5.186  0814750173 
2018-08-09 10:13:58  x     InterProcessCommRxExec_Ipc.h             ::          4.388  0882799789 
2018-08-09 10:13:58  x     InterProcessCommRxThread_Ipc.c           ::         27.054  1792155559 
2018-08-09 10:13:58  x     InterProcessCommRxThread_Ipc.h           ::         11.522 -2098466600 
2018-08-09 10:13:58  x     InterProcessCommRx_ifc_Ipc.c             ::          4.591 -0817606936 
2018-08-09 10:13:58  x     InterProcessCommRx_ifc_Ipc.h             ::          4.862  0932691272 

============================== source/Ipc2c.ref1/ ==================================================
2018-08-09 10:13:58  x     InterProcessCommFactorySocket_Ipc.c      ::         15.018 -1785438514 
2018-08-09 10:13:58  x     InterProcessCommFactorySocket_Ipc.h      ::          8.685 -0088810123 
2018-08-09 10:13:58  x     InterProcessCommRxExec_Ipc.c             ::          5.178 -1262674916 
2018-08-09 10:13:58  x     InterProcessCommRxExec_Ipc.h             ::          4.379  0130863705 
2018-08-09 10:13:58  x     InterProcessCommRxThread_Ipc.c           ::         26.883 -0629443656 
2018-08-09 10:13:58  x     InterProcessCommRxThread_Ipc.h           ::         11.528  1194070749 
2018-08-09 10:13:58  x     InterProcessCommRx_ifc_Ipc.c             ::          4.591 -0817606936 
2018-08-09 10:13:58  x     InterProcessCommRx_ifc_Ipc.h             ::          4.865 -0337534292 

============================== source/J1c/ =========================================================
2018-08-09 10:13:58  x     ByteDataAccessBaseJc.c                   ::         69.097  0616218163 
2018-08-09 10:13:58  x     ByteDataAccessBaseJc.h                   ::         50.888  2124998566 
2018-08-09 10:13:58  x     InfoFormattedAppendJc.c                  ::          6.299  1458323519 
2018-08-09 10:13:58  x     InfoFormattedAppendJc.h                  ::          6.036 -1765991508 
2018-08-09 10:13:58  x     LeapSecondsJc.c                          ::         17.014 -0023453038 
2018-08-09 10:13:58  x     LeapSecondsJc.h                          ::          5.207 -0315699177 
2018-08-09 10:13:58  x     SpecialCharStringsJc.c                   ::          6.565 -1834564867 
2018-08-09 10:13:58  x     SpecialCharStringsJc.h                   ::          4.602  2074647061 
2018-08-09 18:48:55  x     StringFormatterJc.c                      ::         71.580 -1304045770 
2018-08-09 10:13:58  x     StringFormatterJc.h                      ::         27.664 -2142447948 
2018-08-09 11:12:18  x     StringFunctionsJc.c                      ::         42.742 -2057725360 
2018-08-09 10:13:58  x     StringFunctionsJc.h                      ::         21.381 -1234146949 
2018-08-09 10:13:58  x     StringFunctions_BJc.c                    ::         11.511  1386577930 
2018-08-09 10:13:58  x     StringFunctions_BJc.h                    ::          4.230 -0365427657 
2018-08-09 10:13:58  x     StringFunctions_CJc.c                    ::         12.350 -0079051964 
2018-08-09 10:13:58  x     StringFunctions_CJc.h                    ::          6.461  2129911070 
2018-08-09 18:48:55  x     StringPartJc.c                           ::        104.536  1538323944 
2018-08-09 18:47:11  x     StringPartJc.h                           ::         67.649 -1525233552 
2018-08-09 18:48:55  x     StringPartScanJc.c                       ::         38.403  1297193771 
2018-08-09 10:13:58  x     StringPartScanJc.h                       ::         16.925  0796103146 

============================== source/J1c.ref/ =====================================================
2018-08-09 10:13:58  x     ByteDataAccessBaseJc.c                   ::         68.980 -1228531773 
2018-08-09 10:13:58  x     ByteDataAccessBaseJc.h                   ::         50.888  0052402682 
2018-08-09 10:13:58  x     InfoFormattedAppendJc.c                  ::          6.299  1458323519 
2018-08-09 10:13:58  x     InfoFormattedAppendJc.h                  ::          6.040 -1432817234 
2018-08-09 10:13:58  x     LeapSecondsJc.c                          ::         17.014 -0023453038 
2018-08-09 10:13:58  x     LeapSecondsJc.h                          ::          5.210  0445112464 
2018-08-09 10:13:58  x     SpecialCharStringsJc.c                   ::          6.565 -1834564867 
2018-08-09 10:13:58  x     SpecialCharStringsJc.h                   ::          4.605 -0276915002 
2018-08-09 18:48:55  x     StringFormatterJc.c                      ::         71.593 -0860655285 
2018-08-09 10:13:58  x     StringFormatterJc.h                      ::         27.676  0616375468 
2018-08-09 11:12:18  x     StringFunctionsJc.c                      ::         42.740 -1692678629 
2018-08-09 10:13:58  x     StringFunctionsJc.h                      ::         21.384  0173023786 
2018-08-09 10:13:58  x     StringFunctions_BJc.c                    ::         11.515 -1704792131 
2018-08-09 10:13:58  x     StringFunctions_BJc.h                    ::          4.233  1323705727 
2018-08-09 10:13:58  x     StringFunctions_CJc.c                    ::         12.286  0425794623 
2018-08-09 10:13:58  x     StringFunctions_CJc.h                    ::          6.464  1329524010 
2018-08-09 18:48:55  x     StringPartJc.c                           ::        104.563 -0286388826 
2018-08-09 18:47:11  x     StringPartJc.h                           ::         67.655 -0727118999 
2018-08-09 18:48:55  x     StringPartScanJc.c                       ::         38.411 -1337215625 
2018-08-09 10:13:58  x     StringPartScanJc.h                       ::         16.928  0064032083 

============================== source/Jc/ ==========================================================
2018-08-09 09:24:04  x     AbstractListJc.h                         ::          4.167 -0951410059 
2018-08-09 10:13:58  x     ArraysJc.c                               ::          7.100  0392067915 
2016-10-11 23:02:14  x     ArraysJc.h                               ::          4.642  1875326480 
2017-05-25 22:37:08  x     AssertJc.c                               ::           .243  0801912538 
2018-08-09 10:13:58  x     AssertJc.h                               ::           .519 -2047369946 
2018-01-14 16:15:55  x     CharsetJc.c                              ::           .240 -1629586356 
2018-08-05 10:47:22  x     CharsetJc.h                              ::           .370  1840882582 
2011-01-28 21:36:52  x     ComparatorJc.h                           ::          4.642 -0873870564 
2018-08-09 10:13:58  x     ConcurrentLinkedQueueJc.c                ::         27.975  2096229242 
2018-08-09 10:13:58  x     ConcurrentLinkedQueueJc.h                ::          9.465 -0538383773 
2018-08-09 10:13:58  x     ConcurrentRingBufferJc.c                 ::         15.905  0776735818 
2018-08-09 10:13:58  x     ConcurrentRingBufferJc.h                 ::          6.863 -0247639182 
2018-08-09 11:12:18  x     DateJc.c                                 ::          9.725  0838092946 
2011-01-06 22:37:30  x     DateJc.h                                 ::         12.900 -0123173717 
2018-08-09 10:13:58  x     FileIoJc.c                               ::         14.102 -2104136187 
2018-08-08 22:58:04  x     FileIoJc.h                               ::         10.627 -0700797209 
2018-08-08 22:58:04  x     FileSystemJc.c                           ::          3.106 -0271692917 
2018-08-09 10:13:58  x     FileSystemJc.h                           ::          2.203 -0508761854 
2018-08-09 10:13:58  x     FormatterJc.c                            ::          3.983  0722306807 
2018-08-09 10:13:58  x     FormatterJc.h                            ::          3.115  1736975155 
2018-08-09 09:24:04  x     LinkedListJc.c                           ::         16.361 -0847328110 
2018-08-09 10:13:58  x     LinkedListJc.h                           ::         10.268 -0797030576 
2009-01-04 13:06:30  x     ListIteratorJc.h                         ::          2.912  0569623658 
2018-08-09 10:13:58  x     ListJc.h                                 ::          5.088  1663284964 
2018-08-09 09:24:04  x     ListMapEntryJc.h                         ::          8.001  0898997116 
2018-01-14 16:06:56  x     LocaleJc.c                               ::          1.901  0113427777 
2017-03-23 23:04:34  x     LocaleJc.h                               ::          2.922 -1670182258 
2018-08-09 10:13:58  x     MathJc.c                                 ::          2.323 -0844654407 
2017-02-19 21:47:16  x     MathJc.h                                 ::          2.287 -0707976927 
2018-08-09 18:47:58  x     ObjectJc.c                               ::         22.130  1215291009 
2018-08-10 12:55:03  x     ObjectJc.h                               ::         41.534 -2111938172 
2017-04-02 11:20:38  x     ObjectRefJc.h                            ::           .304 -0432610992 
2018-08-09 11:12:18  x     OsWrapperJc.c                            ::         11.704  2003129916 
2018-08-09 10:13:58  x     OsWrapperJc.h                            ::          5.078 -1703722488 
2018-08-09 10:13:58  x     PrintStreamJc.c                          ::          3.710  1013935843 
2017-05-25 10:23:10  x     PrintStreamJc.h                          ::          3.416  1037358074 
2018-08-09 10:13:58  x     ReflMemAccessJc.c                        ::         19.337  1249418856 
2017-03-19 22:57:24  x     ReflMemAccessJc.h                        ::         17.102  1703758467 
2018-08-05 10:47:22  x     ReflectionBasetypesJc.c                  ::         24.096 -1528368784 
2018-08-09 10:13:58  x     ReflectionJc.c                           ::         52.019  1903896191 
2018-08-08 00:07:22  x     ReflectionJc.h                           ::         54.874 -0617406918 
2018-08-09 10:13:58  x     ReflectionLoadExtJc.c                    ::          5.527  2039548264 
2018-08-09 18:48:55  x     StringBufferJc.c                         ::         43.996 -2030063561 
2009-01-04 13:07:50  x     StringBufferJc.h                         ::          3.013 -1131073304 
2018-08-09 18:48:55  x     StringJc.c                               ::         20.918  1405325864 
2018-08-09 11:12:18  x     StringJc.h                               ::         98.210  1742248107 
2011-01-25 20:37:58  x     StringJc_intern.h                        ::          2.845 -0295195136 
2010-11-13 07:56:06  x     StringValueConvJc.c                      ::          2.731  0805606851 
2018-08-09 10:13:58  x     SystemJc.c                               ::          7.576 -0503688009 
2017-03-23 23:04:55  x     SystemJc.h                               ::          3.602 -0159120463 
2017-03-19 21:40:36  x     SystemOutJc.c                            ::          1.798 -0719652219 
2018-08-09 18:48:55  x     ThreadJc.c                               ::          8.678  0406196157 
2018-01-14 16:09:18  x     ThreadJc.h                               ::          7.979 -0349487096 
2018-08-09 10:13:58  x     TimeZoneJc.c                             ::          2.244  1742106441 
2018-08-09 10:13:58  x     TimeZoneJc.h                             ::          3.016 -2107422027 

============================== source/MsgDisp/ =====================================================
2018-08-09 10:13:58  x     LogMessageFile_MSG.c                     ::         51.248  1423499911 
2018-08-09 10:13:58  x     LogMessageFile_MSG.h                     ::         14.687 -1510202671 
2018-08-09 11:12:18  x     MsgDispatcherCore_MSG.c                  ::         38.379 -1302332941 
2018-08-09 10:13:58  x     MsgDispatcherCore_MSG.h                  ::         21.612  0717358643 
2018-08-09 18:48:55  x     MsgDispatcher_MSG.c                      ::         44.162  0261505343 
2018-08-09 10:13:58  x     MsgDispatcher_MSG.h                      ::         11.473  1477867953 
2018-08-09 10:13:58  x     MsgText_ifc_MSG.c                        ::          7.758  0743343639 
2018-08-09 10:13:58  x     MsgText_ifc_MSG.h                        ::          7.035 -1992840057 

============================== source/MsgDisp.ref/ =================================================
2018-08-09 10:13:58  x     LogMessageFile_MSG.c                     ::         51.147 -0270829387 
2018-08-09 10:13:58  x     LogMessageFile_MSG.h                     ::         14.702 -1764601293 
2018-08-09 11:12:18  x     MsgDispatcherCore_MSG.c                  ::         38.373 -1385820236 
2018-08-09 10:13:58  x     MsgDispatcherCore_MSG.h                  ::         21.637 -1061191435 
2018-08-09 18:48:55  x     MsgDispatcher_MSG.c                      ::         44.362  1052864913 
2018-08-09 10:13:58  x     MsgDispatcher_MSG.h                      ::         11.475  0181704440 
2018-08-09 10:13:58  x     MsgText_ifc_MSG.c                        ::          7.758  0743343639 
2018-08-09 10:13:58  x     MsgText_ifc_MSG.h                        ::          7.041 -0968611014 
2018-08-09 10:13:58  x     VaArgBuffer.c                            ::          6.975  1426031742 
2018-08-09 10:13:58  x     VaArgBuffer.h                            ::          3.173  1800746712 

============================== source/OSAL/ ========================================================
2018-08-09 11:12:18  x     os_AtomicAccess.h                        ::          9.398  0152459963 
2010-09-10 21:15:58  x     os_ThreadContextInTable.ci               ::          5.267 -1751120483 
2016-12-06 23:00:54  x     os_common.c                              ::           .648 -0069993846 
2018-08-05 10:47:22  x     os_endian.h                              ::          5.607  0794818198 
2018-08-05 10:47:22  x     os_error.h                               ::          8.819 -1412630905 
2018-08-09 11:12:02  x     os_file.h                                ::         15.315 -1279668241 
2017-02-19 21:39:20  x     os_mem.h                                 ::          2.531 -0540896505 
2018-08-09 11:12:18  x     os_sharedmem.h                           ::          4.774  0800053659 
2018-08-05 10:47:22  x     os_socket.h                              ::         14.992 -0900865891 
2018-08-05 10:47:22  x     os_sync.h                                ::          5.402  0120795020 
2018-08-05 10:47:22  x     os_thread.h                              ::          5.469 -0321545942 
2018-08-09 11:12:18  x     os_time.h                                ::         12.523  1660658236 
2018-08-09 14:19:32  x     os_types_def_common.h                    ::          7.396 -0444909609 
2009-02-17 23:33:10  x     os_waitnotify.h                          ::          1.955 -1897770393 

============================== source/appl_emC/ ====================================================
2018-08-10 13:36:38  x     ApplSimpleStop_emC.c                     ::          4.637 -1958125892 
2018-08-09 18:32:22  x     LogException_emC.c                       ::          2.629 -0878527528 
2018-08-06 12:05:29  x     ObjectSimple_emc.c                       ::           .257 -0834587237 
2016-05-21 13:43:27  x     readme.txt                               ::           .154  0602405518 

============================== source/emC/ =========================================================
2018-08-09 11:12:18  x     Event_emC.c                              ::          3.066 -1964916759 
2018-08-09 11:12:18  x     Event_emC.h                              ::          4.391 -1762966148 
2018-08-10 12:27:58  x     ExcStacktrcNo_emC.h                      ::          5.126  2131519332 
2018-08-09 16:52:46  x     ExceptionDefs_emC.h                      ::          7.300 -0480020128 
2018-08-09 23:33:29  x     ExceptionPrintStacktrace_emC.c           ::          4.939 -0773965478 
2018-08-09 23:31:10  x     Exception_emC.c                          ::         10.558  1480543226 
2018-08-10 12:19:25  x     Exception_emC.h                          ::         18.945 -0663726533 
2018-08-09 16:31:24  x     Formatter_emC.c                          ::         38.585 -0348699176 
2018-08-08 22:59:37  x     Formatter_emC.h                          ::          7.581 -2018800305 
2018-08-09 11:20:03  x     Handle_ptr64_emC.c                       ::          7.445 -1602644143 
2017-10-06 14:59:19  x     Handle_ptr64_emC.h                       ::          5.935 -1573330035 
2018-08-09 11:21:02  x     LogMessage_emC.c                         ::         13.268  1007555001 
2018-08-09 11:21:33  x     LogMessage_emC.h                         ::         16.487  0446138130 
2018-08-09 10:13:57  x     LogMsgStream_emC.c                       ::          9.986 -0077167469 
2018-08-08 22:59:38  x     MemC_emC.c                               ::          5.083 -1060551715 
2018-08-09 18:47:11  x     MemC_emC.h                               ::         13.446 -1134208734 
2018-08-10 12:54:49  x     Memfree_ThreadAndBlockHeap.c             ::          1.164 -1252046033 
2018-08-08 22:59:37  x     Object_emC.c                             ::         12.602  0943304685 
2018-08-09 10:13:57  x     Object_emC.h                             ::         68.752 -2116479984 
2018-08-09 11:23:07  x     Readline_emC.c                           ::          2.388 -0594283497 
2018-08-09 11:12:18  x     Readline_emC.h                           ::           .992 -2018717166 
2018-08-08 00:08:46  x     ReflectionBaseTypes_emC.c                ::         23.781  1843552231 
2018-08-09 11:23:37  x     Reflection_emC.c                         ::          3.872 -1631053105 
2018-08-09 11:24:39  x     SimpleC_emC.c                            ::          2.906  1214521394 
2018-08-09 11:12:18  x     SimpleC_emC.h                            ::          8.670  1461955809 
2018-08-09 11:12:18  x     Simulink_emC.h                           ::           . 84 -1768481708 
2018-08-09 11:12:18  x     StateMachine_emC.h                       ::           .295 -1505924840 
2018-08-09 14:42:19  x     StringBase_emC.c                         ::          4.325 -1150517037 
2018-08-09 11:12:02  x     StringBuilder_emC.c                      ::         18.957 -0891437280 
2018-08-09 14:42:10  x     String_emC.c                             ::          9.671 -1409572756 
2018-08-09 18:20:12  x     String_emC.h                             ::         61.472  1383597446 
2018-08-09 18:49:03  x     ThreadContext_emC.c                      ::         10.071  0566591793 
2018-08-09 18:47:23  x     ThreadContext_emC.h                      ::         11.818  1402367345 
2018-08-09 11:26:53  x     Time_emC.c                               ::           . 61 -1340196599 
2018-08-09 11:12:18  x     Time_emC.h                               ::          2.231 -0027387495 
2018-08-09 11:12:18  x     Timeconversions_emC.c                    ::          7.087 -0823897295 
2018-08-09 11:12:18  x     Timeconversions_emC.h                    ::          6.752 -1557703428 
2018-08-09 11:28:48  x     VaArgBuffer_emC.c                        ::          7.012 -0661689534 
2018-08-09 10:13:57  x     VaArgBuffer_emC.h                        ::          3.174  0055743806 
2014-01-10 23:38:45  x     Va_list_emC.h                            ::          2.367  1391122393 

============================== source/refl/ ========================================================
2018-08-09 10:13:58  x     Reflection_AllJc.c                       ::         30.747 -1360941304 
2016-10-02 18:39:49  x     Reflection_AllJc.h                       ::          4.428 -1492701228 
2018-08-09 11:12:18  x     Reflection_Fwc.c                         ::         17.660 -1796057472 
2018-08-09 11:12:18  x     Reflection_Fwc.h                         ::          1.394 -1110876516 
2016-10-23 13:07:56  x     Reflection_Ipc.c                         ::          5.100  1623355041 
2018-08-09 11:12:18  x     Reflection_OSAL.c                        ::         12.166  0135504357 
2018-08-09 10:13:58  x     Reflection_fw_Exception.c                ::         13.600 -1043134580 

============================== source/refl.ref1/ ===================================================
2016-07-24 22:35:51  x     Reflection_AllJc.c                       ::         55.860  1960106903 
2016-07-24 22:34:26  x     Reflection_AllJc.h                       ::          4.428 -1492701228 
2015-12-17 21:53:01  x     Reflection_AllJc_A.c                     ::         52.580  0838080524 
2018-08-09 11:12:18  x     Reflection_Fwc.c                         ::         35.844 -1349052350 
2018-08-09 11:12:18  x     Reflection_Fwc.h                         ::          2.570 -0740128251 
2016-12-18 14:06:51  x     Reflection_Inspc.c                       ::         34.023  0445429948 
2016-12-18 14:06:51  x     Reflection_Inspc.h                       ::          1.635 -1209665839 
2016-10-23 13:07:56  x     Reflection_Ipc.c                         ::          5.100  1623355041 
2016-10-23 13:07:56  x     Reflection_Ipc.h                         ::           .521  1879670739 
2018-08-09 11:12:18  x     Reflection_OSAL.c                        ::         15.763 -1465688002 
2018-08-09 11:12:18  x     Reflection_OSAL.h                        ::           .868 -0429237594 

============================== sourceSpecials/ ====================================================
2017-07-09 20:35:25  x     readme.txt                               ::           .109  0171292870 

============================== sourceSpecials/FwConv_c/ ============================================
2010-01-23 08:26:32  x     RemoteCpu_Dummy.c                        ::          2.816 -1927194993 
2011-01-01 12:53:52  x     UmlContainer_Dummy.c                     ::          3.051 -0749795306 
2018-08-08 22:58:04  x     allocOnlyAtStartup.c                     ::          3.536  0137406391 
2011-08-14 07:46:18  x     fw_ThreadContextSimpleIntr.c             ::          1.090  0373171495 
2018-01-14 22:38:34  x     os_endian_x86.c                          ::          8.006  1283173578 
2018-07-31 12:38:21  x     osal_FatalErrorPrintf_while0.c           ::          3.368  0748747489 
2016-05-21 13:43:27  x     readme.txt                               ::           .154  0602405518 
2018-08-09 11:12:18  x     stopAssert_Fwc_while0.c                  ::           .800  1379787514 

============================== sourceSpecials/hw_Intel_x86_Gcc/ ====================================
2011-06-04 19:47:20  x     os_atomic.c                              ::          5.294  2145792397 

============================== sourceSpecials/os_LinuxGcc/ =========================================
2011-06-23 13:44:34  x     alignbyt.h                               ::           .371  1250077826 
2011-06-23 13:44:34  x     alignopt.h                               ::           .367 -0499917233 
2018-08-09 11:12:18  x     compl_adaption.h                         ::          9.550  1156978172 
2012-02-04 16:47:40  x     os_endian.c                              ::          7.701 -1378313940 
2011-06-04 19:47:54  x     os_error.c                               ::           . 23  1620298057 
2012-04-13 17:44:50  x     os_file.c                                ::          8.022 -0463605729 
2010-09-18 08:00:26  x     os_internal.h                            ::           .780 -1280227122 
2010-09-05 09:02:00  x     os_mem.c                                 ::          2.256  1420344141 
2011-06-04 20:22:00  x     os_mutex.c                               ::          3.923 -1287258896 
2012-02-21 10:41:16  x     os_socket.c                              ::          9.907  1332229939 
2011-06-04 20:22:28  x     os_sync.c                                ::          5.817 -1821168174 
2018-08-08 18:02:02  x     os_thread.c                              ::         20.593  1239906819 
2012-04-11 08:22:28  x     os_time.c                                ::          3.897 -1137959154 

============================== sourceSpecials/os_Windows_64/ =======================================
2017-11-20 22:31:30  x     os_atomic.c                              ::          5.674 -0383284783 
2018-07-30 10:22:58  x     os_error.c                               ::          3.356 -0624249210 
2011-06-05 08:40:52  x     os_file.c                                ::          8.612 -0958726560 
2017-03-12 17:30:09  x     os_internal.h                            ::          1.346 -0988617341 
2017-03-12 17:37:27  x     os_mem.c                                 ::          2.530 -0644614445 
2017-07-23 17:57:03  x     os_mutex.c                               ::          7.011 -1901104481 
2017-10-02 10:42:18  x     os_sharedmem.c                           ::          3.548  0649240340 
2018-03-08 22:18:16  x     os_socket.c                              ::         21.768 -1623408560 
2015-07-06 12:02:14  x     os_sync.c                                ::          7.326 -0910519233 
2017-10-12 11:32:02  x     os_thread.c                              ::         25.727  1458945578 
2017-03-12 17:32:05  x     os_time.c                                ::          4.317  0325875754 

============================== sourceSpecials/os_Windows_Msc6/ =====================================
2017-09-18 20:35:35  x     os_atomic.c                              ::          5.138 -1239546481 
2018-07-29 10:15:55  x     readme.txt                               ::           .263 -1546654127 

============================== sourceSpecials/osal_Windows32/ ======================================
2013-10-10 17:23:48  x     os_error.c                               ::          3.356 -0624249210 
2011-06-05 08:40:52  x     os_file.c                                ::          8.612 -0958726560 
2018-08-05 10:47:22  x     os_internal.h                            ::          1.148 -1554001914 
2016-05-21 20:44:42  x     os_mem.c                                 ::          2.337 -1675032471 
2017-07-23 14:07:04  x     os_mutex.c                               ::          6.430 -0333354607 
2018-07-27 20:52:34  x     os_sharedmem.c                           ::          3.923  0414453526 
2018-03-08 22:18:15  x     os_socket.c                              ::         21.768 -1623408560 
2015-08-13 20:37:37  x     os_sync.c                                ::          7.326 -0910519233 
2018-08-09 09:39:04  x     os_thread.c                              ::         25.406  0551607646 
2018-08-05 10:47:22  x     os_time.c                                ::          4.174  1045491148 

============================== sourceSpecials/osal_Windows_Msc15/ ==================================
2018-08-09 11:12:02  x     os_file.c                                ::          8.929  1021729855 
2018-07-30 12:33:22  x     os_fileLock.c                            ::           .157 -0434871081 
2018-08-09 11:12:02  x     os_fileWin15.c                           ::          9.042 -1407882492 
2018-08-05 10:47:22  x     os_time.c                                ::          4.182  1712490475 
2018-07-29 10:14:22  x     readme.txt                               ::           .217 -1390446463 

============================== stc/ ===============================================================
2016-10-16 21:58:38  x     Ipc.stc                                  ::          6.245  0070250567 
2012-04-13 17:04:10  x     readme.txt                               ::           .224  0165786984 

============================== stc/Fwc/ ============================================================
2012-04-10 09:02:02  x     fw_Exception.stc                         ::          1.781  0805255599 
2016-07-24 20:43:26  x     fw_LogMessage.stc                        ::          1.576 -1361676081 
2013-02-27 21:14:16  x     fw_VaArg.stc                             ::           .553 -1745105336 

============================== stc/Fwc/stcCmp/ =====================================================
2016-12-22 21:59:48  x     fw_Exception.stc                         ::          3.463  1771112906 
2016-12-22 21:59:49  x     fw_LogMessage.stc                        ::          1.644  0055569762 

============================== stc/InspcJ2c/ =======================================================
2016-12-22 15:20:54  x     AnswerComm_ifc_Inspc.stc                 ::           .545  1416904579 
2016-12-22 15:20:55  x     ClassContent_Inspc.stc                   ::          5.546  1762696109 
2016-12-22 15:20:56  x     CmdConsumer_ifc_Inspc.stc                ::           .840  1704480082 
2016-12-22 15:20:56  x     CmdExecuter_Inspc.stc                    ::          2.000 -0439946914 
2016-12-22 15:20:56  x     Comm_Inspc.stc                           ::          1.446 -0934959356 
2016-12-22 15:20:53  x     InspcDataExchangeAccess_Inspc.stc        ::         16.685 -1851769805 
2016-12-22 15:20:56  x     InspcDataInfo_Inspc.stc                  ::           .758  1587581654 
2016-12-22 15:20:56  x     Inspector_Inspc.stc                      ::          1.221  0792626921 
2016-12-22 15:20:56  x     SearchElement_Inspc.stc                  ::          1.924  0108817977 
2016-12-22 15:20:54  x     WorkingThread_Inspc.stc                  ::          4.769  2142313646 

============================== stc/Ipc2c/ ==========================================================
2016-12-22 21:52:02  x     InterProcessCommFactorySocket_Ipc.stc    ::          2.081  1644233254 
2016-12-22 21:59:50  x     InterProcessCommRxExec_Ipc.stc           ::           .993  0204348005 
2016-12-22 21:52:02  x     InterProcessCommRxThread_Ipc.stc         ::          3.713  0841238572 
2016-12-22 21:52:02  x     InterProcessCommRx_ifc_Ipc.stc           ::           .837 -0302269322 

============================== stc/J1c/ ============================================================
2016-12-21 16:26:38  x     ByteDataAccessBaseJc.stc                 ::          8.698  0562829424 
2016-12-21 12:25:23  x     InfoFormattedAppendJc.stc                ::          1.155  1377066733 
2016-12-21 12:25:23  x     LeapSecondsJc.stc                        ::          1.033  0772673898 
2016-12-21 12:25:24  x     SpecialCharStringsJc.stc                 ::           .569 -1024516051 
2016-12-21 12:26:13  x     StringFormatterJc.stc                    ::          6.600  2060375621 
2016-12-21 16:26:40  x     StringFunctionsJc.stc                    ::          5.384 -1285672592 
2016-12-21 12:25:24  x     StringFunctions_BJc.stc                  ::           .980  0460417047 
2016-12-21 12:25:30  x     StringFunctions_CJc.stc                  ::          1.544  2049769090 
2016-12-22 09:09:57  x     StringPartJc.stc                         ::         13.934  0395893094 
2016-12-21 12:26:13  x     StringPartScanJc.stc                     ::          4.784 -0854480482 

============================== stc/Jc/ =============================================================
2015-08-07 19:49:25  x     ArraysJc.stc                             ::          2.085  0593984016 
2016-09-04 09:17:47  x     AssertJc.stc                             ::           .835  2008491517 
2014-09-04 00:11:43  x     CharsetJc.stc                            ::           .481 -0025273273 
2013-02-26 18:35:56  x     CollectionJc.stc                         ::           .387 -1468295357 
2014-01-12 13:13:53  x     ConcurrentLinkedQueueJc.stc              ::          1.018 -0029072120 
2010-08-26 12:20:24  x     DateJc.stc                               ::           .629 -1692909214 
2016-06-26 23:30:19  x     FileIoJc.stc                             ::          2.957  1755661050 
2013-02-26 20:27:20  x     FileNioJc.stc                            ::           .517 -0737067667 
2011-06-05 07:59:46  x     FileSystemJc.stc                         ::           .467  2039121675 
2016-12-02 23:28:23  x     FormatterJc.stc                          ::          1.192 -1670141453 
2010-12-28 21:31:22  x     LinkedListJc.stc                         ::           .489 -0853339607 
2010-08-18 23:29:56  x     LocaleJc.stc                             ::           .345 -0551007091 
2016-12-21 16:24:51  x     MathJc.stc                               ::          1.437  1013181833 
2016-07-24 18:37:32  x     ObjectJc.stc                             ::          1.322  2052259012 
2010-12-05 18:45:16  x     ReflectionJc.stc                         ::          1.088  1493567397 
2015-08-07 21:15:50  x     ReflectionVishia.stc                     ::          6.160  0497666249 
2010-12-08 22:20:48  x     RunnableJc.stc                           ::           .347 -0981195894 
2016-09-10 22:58:11  x     StringBufferJc.stc                       ::          7.163  1326204225 
2016-09-10 22:58:23  x     StringBuilderJc.stc                      ::          7.357 -0828434355 
2014-09-05 23:39:52  x     SystemJc.stc                             ::          2.701  0062535622 
2014-01-10 23:42:32  x     ThreadJc.stc                             ::          1.381 -1254593799 
2010-08-18 23:32:14  x     TimeZoneJc.stc                           ::           .361 -1900055147 
2012-04-11 07:55:56  x     bridgeC.stc                              ::          2.488 -1541053365 
2016-09-10 22:36:52  x     javaLangTextJc.stc                       ::           .977  0002319890 

============================== stc/Jc/stcCmp/ ======================================================
2016-12-22 21:59:48  x     ArraysJc.stc                             ::          1.813  0269408370 
2015-08-04 12:20:45  x     AssertJc.stc                             ::           .581  1180611591 
2010-08-01 12:30:58  x     ByteArrayJc.stc                          ::           .417  0911942648 
2016-12-22 21:59:47  x     CharsetJc.stc                            ::           .499  1617003894 
2016-12-22 21:59:49  x     CollectionJc.stc                         ::           .505  0407628235 
2016-12-22 21:59:49  x     ConcurrentLinkedQueueJc.stc              ::          1.238  1242234391 
2016-12-22 21:59:49  x     DateJc.stc                               ::           .685  1152945500 
2016-12-22 21:59:48  x     FileIoJc.stc                             ::          3.303 -0216852027 
2012-02-22 16:25:18  x     FileSystemJc.stc                         ::           .554  0561994238 
2016-12-21 08:58:51  x     FormatterJc.stc                          ::          1.587  1984828847 
2016-12-22 21:59:49  x     JavaLangTextJc.stc                       ::          1.209 -1028633785 
2016-12-22 00:10:17  x     LinkedListJc.stc                         ::           .604  0553991637 
2016-12-22 21:59:49  x     LocaleJc.stc                             ::           .436  0696279234 
2016-12-22 15:20:54  x     MathJc.stc                               ::          1.325  1645176006 
2016-12-22 21:59:48  x     ObjectJc.stc                             ::           .563  0329231188 
2010-12-26 13:02:04  x     ReflectionJc.stc                         ::          1.321  1040425551 
2016-12-22 15:24:05  x     ReflectionVishia.stc                     ::          5.731 -1809306394 
2016-12-22 21:59:49  x     RunnableJc.stc                           ::           .431  0395098158 
2016-12-22 21:59:48  x     StringBufferJc.stc                       ::          4.789  1945433001 
2016-12-22 21:59:48  x     StringBuilderJc.stc                      ::          5.004 -0582400070 
2016-12-22 21:59:48  x     SystemJc.stc                             ::          2.053  1451775798 
2016-12-22 21:59:49  x     ThreadJc.stc                             ::          1.376 -2143229129 
2016-12-22 21:59:49  x     TimeZoneJc.stc                           ::           .477  1807807872 
2016-12-22 21:59:48  x     bridgeC.stc                              ::          2.680  0709725433 
2010-12-03 21:10:08  x     byteDataJc.stc                           ::          1.621  1760744617 

============================== stc/MsgDisp/ ========================================================
2016-12-21 08:58:51  x     LogMessageFile_MSG.stc                   ::          5.316 -0288537558 
2016-10-03 21:44:47  x     MsgDispatcherCore_MSG.stc                ::          7.384 -0991542205 
2016-12-21 16:20:54  x     MsgDispatcher_MSG.stc                    ::          6.000  2053831356 
2016-10-03 21:44:47  x     MsgText_ifc_MSG.stc                      ::          1.508  1314794246 

============================== version/ ===========================================================
2016-12-29 22:56:44  x     RevisionDescription.txt                  ::         10.977 -0358915323 
2018-08-05 10:47:22  x     RevisionNotes.txt                        ::         41.964 -1979138287 
